<?xml version="1.0" encoding="UTF-8"?>
<testng-results ignored="0" total="4" passed="3" failed="1" skipped="0">
  <reporter-output>
  </reporter-output>
  <suite started-at="2022-04-25T08:51:48Z" name="Default suite" finished-at="2022-04-25T08:52:08Z" duration-ms="19620">
    <groups>
    </groups>
    <test started-at="2022-04-25T08:51:48Z" name="Default test" finished-at="2022-04-25T08:52:08Z" duration-ms="19620">
      <class name="poiApache.gettingExcelData">
        <test-method is-config="true" signature="getUrl()[pri:0, instance:poiApache.gettingExcelData@7bd7d6d6]" started-at="2022-04-25T08:51:49Z" name="getUrl" finished-at="2022-04-25T08:51:51Z" duration-ms="1634" status="PASS">
          <reporter-output>
          </reporter-output>
        </test-method> <!-- getUrl -->
        <test-method signature="loginData(java.lang.String, java.lang.String, java.lang.String)[pri:0, instance:poiApache.gettingExcelData@7bd7d6d6]" started-at="2022-04-25T08:51:51Z" name="loginData" data-provider="LoginData" finished-at="2022-04-25T08:51:58Z" duration-ms="7596" status="PASS">
          <params>
            <param index="0">
              <value>
                <![CDATA[admin123]]>
              </value>
            </param>
            <param index="1">
              <value>
                <![CDATA[admin@admin]]>
              </value>
            </param>
            <param index="2">
              <value>
                <![CDATA[Valid]]>
              </value>
            </param>
          </params>
          <reporter-output>
          </reporter-output>
        </test-method> <!-- loginData -->
        <test-method is-config="true" signature="getUrl()[pri:0, instance:poiApache.gettingExcelData@7bd7d6d6]" started-at="2022-04-25T08:51:58Z" name="getUrl" finished-at="2022-04-25T08:51:59Z" duration-ms="870" status="PASS">
          <reporter-output>
          </reporter-output>
        </test-method> <!-- getUrl -->
        <test-method signature="loginData(java.lang.String, java.lang.String, java.lang.String)[pri:0, instance:poiApache.gettingExcelData@7bd7d6d6]" started-at="2022-04-25T08:51:59Z" name="loginData" data-provider="LoginData" finished-at="2022-04-25T08:52:02Z" duration-ms="2325" status="PASS">
          <params>
            <param index="0">
              <value>
                <![CDATA[admin@yourstore.com ]]>
              </value>
            </param>
            <param index="1">
              <value>
                <![CDATA[adm]]>
              </value>
            </param>
            <param index="2">
              <value>
                <![CDATA[Invalid]]>
              </value>
            </param>
          </params>
          <reporter-output>
          </reporter-output>
        </test-method> <!-- loginData -->
        <test-method is-config="true" signature="getUrl()[pri:0, instance:poiApache.gettingExcelData@7bd7d6d6]" started-at="2022-04-25T08:52:02Z" name="getUrl" finished-at="2022-04-25T08:52:02Z" duration-ms="863" status="PASS">
          <reporter-output>
          </reporter-output>
        </test-method> <!-- getUrl -->
        <test-method signature="loginData(java.lang.String, java.lang.String, java.lang.String)[pri:0, instance:poiApache.gettingExcelData@7bd7d6d6]" started-at="2022-04-25T08:52:02Z" name="loginData" data-provider="LoginData" finished-at="2022-04-25T08:52:05Z" duration-ms="2851" status="PASS">
          <params>
            <param index="0">
              <value>
                <![CDATA[adm@yourstore.com]]>
              </value>
            </param>
            <param index="1">
              <value>
                <![CDATA[admin]]>
              </value>
            </param>
            <param index="2">
              <value>
                <![CDATA[Invalid]]>
              </value>
            </param>
          </params>
          <reporter-output>
          </reporter-output>
        </test-method> <!-- loginData -->
        <test-method is-config="true" signature="getUrl()[pri:0, instance:poiApache.gettingExcelData@7bd7d6d6]" started-at="2022-04-25T08:52:05Z" name="getUrl" finished-at="2022-04-25T08:52:06Z" duration-ms="940" status="PASS">
          <reporter-output>
          </reporter-output>
        </test-method> <!-- getUrl -->
        <test-method signature="loginData(java.lang.String, java.lang.String, java.lang.String)[pri:0, instance:poiApache.gettingExcelData@7bd7d6d6]" started-at="2022-04-25T08:52:06Z" name="loginData" data-provider="LoginData" finished-at="2022-04-25T08:52:08Z" duration-ms="1685" status="FAIL">
          <params>
            <param index="0">
              <value is-null="true"/>
            </param>
            <param index="1">
              <value is-null="true"/>
            </param>
            <param index="2">
              <value is-null="true"/>
            </param>
          </params>
          <exception class="java.lang.IllegalArgumentException">
            <message>
              <![CDATA[Keys to send should be a not null CharSequence]]>
            </message>
            <full-stacktrace>
              <![CDATA[java.lang.IllegalArgumentException: Keys to send should be a not null CharSequence
at org.openqa.selenium.remote.RemoteWebElement.sendKeys(RemoteWebElement.java:92)
at poiApache.gettingExcelData.loginData(gettingExcelData.java:34)
at java.base/jdk.internal.reflect.NativeMethodAccessorImpl.invoke0(Native Method)
at java.base/jdk.internal.reflect.NativeMethodAccessorImpl.invoke(NativeMethodAccessorImpl.java:77)
at java.base/jdk.internal.reflect.DelegatingMethodAccessorImpl.invoke(DelegatingMethodAccessorImpl.java:43)
at java.base/java.lang.reflect.Method.invoke(Method.java:568)
at org.testng.internal.MethodInvocationHelper.invokeMethod(MethodInvocationHelper.java:124)
at org.testng.internal.Invoker.invokeMethod(Invoker.java:583)
at org.testng.internal.Invoker.invokeTestMethod(Invoker.java:719)
at org.testng.internal.Invoker.invokeTestMethods(Invoker.java:989)
at org.testng.internal.TestMethodWorker.invokeTestMethods(TestMethodWorker.java:125)
at org.testng.internal.TestMethodWorker.run(TestMethodWorker.java:109)
at org.testng.TestRunner.privateRun(TestRunner.java:648)
at org.testng.TestRunner.run(TestRunner.java:505)
at org.testng.SuiteRunner.runTest(SuiteRunner.java:455)
at org.testng.SuiteRunner.runSequentially(SuiteRunner.java:450)
at org.testng.SuiteRunner.privateRun(SuiteRunner.java:415)
at org.testng.SuiteRunner.run(SuiteRunner.java:364)
at org.testng.SuiteRunnerWorker.runSuite(SuiteRunnerWorker.java:52)
at org.testng.SuiteRunnerWorker.run(SuiteRunnerWorker.java:84)
at org.testng.TestNG.runSuitesSequentially(TestNG.java:1208)
at org.testng.TestNG.runSuitesLocally(TestNG.java:1137)
at org.testng.TestNG.runSuites(TestNG.java:1049)
at org.testng.TestNG.run(TestNG.java:1017)
at org.testng.remote.AbstractRemoteTestNG.run(AbstractRemoteTestNG.java:115)
at org.testng.remote.RemoteTestNG.initAndRun(RemoteTestNG.java:251)
at org.testng.remote.RemoteTestNG.main(RemoteTestNG.java:77)
]]>
            </full-stacktrace>
          </exception> <!-- java.lang.IllegalArgumentException -->
          <reporter-output>
          </reporter-output>
        </test-method> <!-- loginData -->
      </class> <!-- poiApache.gettingExcelData -->
    </test> <!-- Default test -->
  </suite> <!-- Default suite -->
</testng-results>
